DEBUG    : 09-13 23:34:45 : [12368] [t.py:32:<module>] this is debug
NOTICE   : 09-13 23:34:45 : [12368] [t.py:33:<module>] this is notice
TRACE    : 09-13 23:34:45 : [12368] [t.py:34:<module>] this is trace
WARNING  : 09-13 23:34:45 : [12368] [t.py:35:<module>] this is warning
WARNING  : 09-13 23:34:45 : [12368] [t.py:36:<module>] this is fatal
DEBUG    : 09-14 00:01:42 : [12428] [t.py:29:<module>] this is debug
NOTICE   : 09-14 00:01:42 : [12428] [t.py:30:<module>] this is notice
TRACE    : 09-14 00:01:42 : [12428] [t.py:31:<module>] this is trace
WARNING  : 09-14 00:01:42 : [12428] [t.py:32:<module>] this is warning
WARNING  : 09-14 00:01:42 : [12428] [t.py:33:<module>] this is fatal
DEBUG    : 09-14 00:01:49 : [12864] [t.py:29:<module>] this is debug
NOTICE   : 09-14 00:01:49 : [12864] [t.py:30:<module>] this is notice
TRACE    : 09-14 00:01:49 : [12864] [t.py:31:<module>] this is trace
WARNING  : 09-14 00:01:49 : [12864] [t.py:32:<module>] this is warning
WARNING  : 09-14 00:01:49 : [12864] [t.py:33:<module>] this is fatal
DEBUG    : 09-14 00:02:15 : [11312] [t.py:29:<module>] this is debug
NOTICE   : 09-14 00:02:15 : [11312] [t.py:30:<module>] this is notice
TRACE    : 09-14 00:02:15 : [11312] [t.py:31:<module>] this is trace
WARNING  : 09-14 00:02:15 : [11312] [t.py:32:<module>] this is warning
WARNING  : 09-14 00:02:15 : [11312] [t.py:33:<module>] this is fatal
DEBUG    : 09-14 00:08:32 : [10468] [t.py:31:<module>] this is debug
NOTICE   : 09-14 00:08:32 : [10468] [t.py:32:<module>] this is notice
TRACE    : 09-14 00:08:32 : [10468] [t.py:33:<module>] this is trace
WARNING  : 09-14 00:08:32 : [10468] [t.py:34:<module>] this is warning
WARNING  : 09-14 00:08:32 : [10468] [t.py:35:<module>] this is fatal
DEBUG    : 09-14 00:09:52 : [10968] [t.py:32:<module>] this is debug
NOTICE   : 09-14 00:09:52 : [10968] [t.py:33:<module>] this is notice
TRACE    : 09-14 00:09:52 : [10968] [t.py:34:<module>] this is trace
WARNING  : 09-14 00:09:52 : [10968] [t.py:35:<module>] this is warning
WARNING  : 09-14 00:09:52 : [10968] [t.py:36:<module>] this is fatal
DEBUG    : 09-14 00:14:07 : [7440] [t.py:32:<module>] this is debug
NOTICE   : 09-14 00:14:07 : [7440] [t.py:33:<module>] this is notice
TRACE    : 09-14 00:14:07 : [7440] [t.py:34:<module>] this is trace
WARNING  : 09-14 00:14:07 : [7440] [t.py:35:<module>] this is warning
WARNING  : 09-14 00:14:07 : [7440] [t.py:36:<module>] this is fatal
